2025-09-15 12:29:02 INFO  UserTests:46 - *****Creating user******
2025-09-15 12:29:05 INFO  UserTests:50 - *****User is created*******
2025-09-15 12:29:05 INFO  UserTests:56 - *****Reading user info*******
2025-09-15 12:29:07 INFO  UserTests:60 - *******User info is displayed*****
2025-09-15 12:29:07 INFO  UserTests:67 - *****Updating User info******
2025-09-15 12:29:09 INFO  UserTests:76 - *******User updated******
2025-09-15 12:29:11 INFO  UserTests:88 - ******Deleting user info*******
2025-09-15 14:10:23 INFO  UserTests2:47 - *****Creating user******
2025-09-15 14:10:25 INFO  UserTests2:51 - *****User is created*******
2025-09-15 14:10:25 INFO  UserTests2:57 - *****Reading user info*******
2025-09-15 14:10:27 INFO  UserTests2:68 - *****Updating User info******
2025-09-15 14:10:29 INFO  UserTests2:77 - *******User updated******
2025-09-15 14:10:30 INFO  UserTests2:89 - ******Deleting user info*******
2025-09-15 14:10:32 INFO  UserTests2:92 - *******User deleted********
2025-09-15 15:10:49 INFO  UserTests:46 - *****Creating user******
2025-09-15 15:10:52 INFO  UserTests:50 - *****User is created*******
2025-09-15 15:10:52 INFO  UserTests:56 - *****Reading user info*******
2025-09-15 15:10:53 INFO  UserTests:60 - *******User info is displayed*****
2025-09-15 15:10:53 INFO  UserTests:67 - *****Updating User info******
2025-09-15 15:10:55 INFO  UserTests:76 - *******User updated******
2025-09-15 15:10:57 INFO  UserTests:88 - ******Deleting user info*******
2025-09-15 15:10:59 INFO  UserTests:91 - *******User deleted********
2025-09-15 15:14:20 INFO  UserTests:46 - *****Creating user******
2025-09-15 15:14:23 INFO  UserTests:50 - *****User is created*******
2025-09-15 15:14:23 INFO  UserTests:56 - *****Reading user info*******
2025-09-15 15:14:25 INFO  UserTests:60 - *******User info is displayed*****
2025-09-15 15:14:25 INFO  UserTests:67 - *****Updating User info******
2025-09-15 15:14:27 INFO  UserTests:76 - *******User updated******
2025-09-15 15:14:28 INFO  UserTests:88 - ******Deleting user info*******
2025-09-15 15:15:31 INFO  UserTests2:47 - *****Creating user******
2025-09-15 15:15:33 INFO  UserTests2:51 - *****User is created*******
2025-09-15 15:15:33 INFO  UserTests2:57 - *****Reading user info*******
2025-09-15 15:15:35 INFO  UserTests2:61 - *******User info is displayed*****
2025-09-15 15:15:35 INFO  UserTests2:68 - *****Updating User info******
2025-09-15 15:15:37 INFO  UserTests2:77 - *******User updated******
2025-09-15 15:15:39 INFO  UserTests2:89 - ******Deleting user info*******
2025-09-15 15:15:41 INFO  UserTests2:92 - *******User deleted********
2025-09-15 15:24:29 INFO  UserTests2:47 - *****Creating user******
2025-09-15 15:24:32 INFO  UserTests2:51 - *****User is created*******
2025-09-15 15:24:32 INFO  UserTests2:57 - *****Reading user info*******
2025-09-15 15:24:34 INFO  UserTests2:68 - *****Updating User info******
2025-09-15 15:24:36 INFO  UserTests2:77 - *******User updated******
2025-09-15 15:24:39 INFO  UserTests2:89 - ******Deleting user info*******
2025-09-15 15:24:40 INFO  UserTests2:92 - *******User deleted********
